<?xml version="1.0" encoding="UTF-8"?>
<testsuite xmlns:xsi="http://www.w3.org/2001/XMLSchema-instance" xsi:noNamespaceSchemaLocation="https://maven.apache.org/surefire/maven-surefire-plugin/xsd/surefire-test-report-3.0.xsd" version="3.0" name="com.mycompany.bettertown.IssueDataTest" time="0.0" tests="1" errors="0" skipped="0" failures="0">
  <properties>
    <property name="java.specification.version" value="21"/>
    <property name="sun.jnu.encoding" value="UTF-8"/>
    <property name="java.class.path" value="/Users/biancagrovu/Desktop/An2/BetterTown/Implementation/BetterTown/target/test-classes:/Users/biancagrovu/Desktop/An2/BetterTown/Implementation/BetterTown/target/classes:/Users/biancagrovu/.m2/repository/org/netbeans/external/AbsoluteLayout/RELEASE250/AbsoluteLayout-RELEASE250.jar:/Users/biancagrovu/.m2/repository/com/sunquakes/resizer/0.3.1/resizer-0.3.1.jar:/Users/biancagrovu/.m2/repository/net/coobird/thumbnailator/0.4.12/thumbnailator-0.4.12.jar:/Users/biancagrovu/.m2/repository/org/jxmapviewer/jxmapviewer2/2.5/jxmapviewer2-2.5.jar:/Users/biancagrovu/.m2/repository/commons-logging/commons-logging/1.1.3/commons-logging-1.1.3.jar:/Users/biancagrovu/.m2/repository/org/mindrot/jbcrypt/0.4/jbcrypt-0.4.jar:/Users/biancagrovu/.m2/repository/com/github/kevinsawicki/http-request/6.0/http-request-6.0.jar:/Users/biancagrovu/.m2/repository/org/json/json/20250107/json-20250107.jar:/Users/biancagrovu/.m2/repository/com/mysql/mysql-connector-j/9.3.0/mysql-connector-j-9.3.0.jar:/Users/biancagrovu/.m2/repository/com/google/protobuf/protobuf-java/4.29.0/protobuf-java-4.29.0.jar:/Users/biancagrovu/.m2/repository/junit/junit/4.13.2/junit-4.13.2.jar:/Users/biancagrovu/.m2/repository/org/hamcrest/hamcrest-core/1.3/hamcrest-core-1.3.jar:"/>
    <property name="sun.awt.enableExtraMouseButtons" value="true"/>
    <property name="java.vm.vendor" value="Oracle Corporation"/>
    <property name="sun.arch.data.model" value="64"/>
    <property name="java.vendor.url" value="https://java.oracle.com/"/>
    <property name="user.timezone" value="Europe/Bucharest"/>
    <property name="os.name" value="Mac OS X"/>
    <property name="java.vm.specification.version" value="21"/>
    <property name="user.country" value="RO"/>
    <property name="sun.java.launcher" value="SUN_STANDARD"/>
    <property name="sun.boot.library.path" value="/Library/Java/JavaVirtualMachines/jdk-21.jdk/Contents/Home/lib"/>
    <property name="sun.java.command" value="/Users/biancagrovu/Desktop/An2/BetterTown/Implementation/BetterTown/target/surefire/surefirebooter-20250601212731894_3.jar /Users/biancagrovu/Desktop/An2/BetterTown/Implementation/BetterTown/target/surefire 2025-06-01T21-27-31_858-jvmRun1 surefire-20250601212731894_1tmp surefire_0-20250601212731894_2tmp"/>
    <property name="http.nonProxyHosts" value="local|*.local|169.254/16|*.169.254/16"/>
    <property name="jdk.debug" value="release"/>
    <property name="surefire.test.class.path" value="/Users/biancagrovu/Desktop/An2/BetterTown/Implementation/BetterTown/target/test-classes:/Users/biancagrovu/Desktop/An2/BetterTown/Implementation/BetterTown/target/classes:/Users/biancagrovu/.m2/repository/org/netbeans/external/AbsoluteLayout/RELEASE250/AbsoluteLayout-RELEASE250.jar:/Users/biancagrovu/.m2/repository/com/sunquakes/resizer/0.3.1/resizer-0.3.1.jar:/Users/biancagrovu/.m2/repository/net/coobird/thumbnailator/0.4.12/thumbnailator-0.4.12.jar:/Users/biancagrovu/.m2/repository/org/jxmapviewer/jxmapviewer2/2.5/jxmapviewer2-2.5.jar:/Users/biancagrovu/.m2/repository/commons-logging/commons-logging/1.1.3/commons-logging-1.1.3.jar:/Users/biancagrovu/.m2/repository/org/mindrot/jbcrypt/0.4/jbcrypt-0.4.jar:/Users/biancagrovu/.m2/repository/com/github/kevinsawicki/http-request/6.0/http-request-6.0.jar:/Users/biancagrovu/.m2/repository/org/json/json/20250107/json-20250107.jar:/Users/biancagrovu/.m2/repository/com/mysql/mysql-connector-j/9.3.0/mysql-connector-j-9.3.0.jar:/Users/biancagrovu/.m2/repository/com/google/protobuf/protobuf-java/4.29.0/protobuf-java-4.29.0.jar:/Users/biancagrovu/.m2/repository/junit/junit/4.13.2/junit-4.13.2.jar:/Users/biancagrovu/.m2/repository/org/hamcrest/hamcrest-core/1.3/hamcrest-core-1.3.jar:"/>
    <property name="sun.cpu.endian" value="little"/>
    <property name="user.home" value="/Users/biancagrovu"/>
    <property name="user.language" value="ro"/>
    <property name="java.specification.vendor" value="Oracle Corporation"/>
    <property name="java.version.date" value="2025-04-15"/>
    <property name="java.home" value="/Library/Java/JavaVirtualMachines/jdk-21.jdk/Contents/Home"/>
    <property name="file.separator" value="/"/>
    <property name="basedir" value="/Users/biancagrovu/Desktop/An2/BetterTown/Implementation/BetterTown"/>
    <property name="java.vm.compressedOopsMode" value="Zero based"/>
    <property name="line.separator" value="&#10;"/>
    <property name="java.vm.specification.vendor" value="Oracle Corporation"/>
    <property name="java.specification.name" value="Java Platform API Specification"/>
    <property name="apple.awt.application.name" value="ForkedBooter"/>
    <property name="surefire.real.class.path" value="/Users/biancagrovu/Desktop/An2/BetterTown/Implementation/BetterTown/target/surefire/surefirebooter-20250601212731894_3.jar"/>
    <property name="sun.management.compiler" value="HotSpot 64-Bit Tiered Compilers"/>
    <property name="ftp.nonProxyHosts" value="local|*.local|169.254/16|*.169.254/16"/>
    <property name="java.runtime.version" value="21.0.7+8-LTS-245"/>
    <property name="user.name" value="biancagrovu"/>
    <property name="stdout.encoding" value="UTF-8"/>
    <property name="path.separator" value=":"/>
    <property name="os.version" value="15.5"/>
    <property name="java.runtime.name" value="Java(TM) SE Runtime Environment"/>
    <property name="file.encoding" value="UTF-8"/>
    <property name="java.vm.name" value="Java HotSpot(TM) 64-Bit Server VM"/>
    <property name="maven.ext.class.path" value="/Applications/Apache NetBeans.app/Contents/Resources/netbeans/java/maven-nblib/netbeans-eventspy.jar"/>
    <property name="localRepository" value="/Users/biancagrovu/.m2/repository"/>
    <property name="java.vendor.url.bug" value="https://bugreport.java.com/bugreport/"/>
    <property name="java.io.tmpdir" value="/var/folders/k5/zxbj3rb96klfp87y80_g5g5w0000gn/T/"/>
    <property name="java.version" value="21.0.7"/>
    <property name="user.dir" value="/Users/biancagrovu/Desktop/An2/BetterTown/Implementation/BetterTown"/>
    <property name="os.arch" value="aarch64"/>
    <property name="java.vm.specification.name" value="Java Virtual Machine Specification"/>
    <property name="native.encoding" value="UTF-8"/>
    <property name="java.library.path" value="/Users/biancagrovu/Library/Java/Extensions:/Library/Java/Extensions:/Network/Library/Java/Extensions:/System/Library/Java/Extensions:/usr/lib/java:."/>
    <property name="java.vm.info" value="mixed mode, sharing"/>
    <property name="stderr.encoding" value="UTF-8"/>
    <property name="java.vendor" value="Oracle Corporation"/>
    <property name="java.vm.version" value="21.0.7+8-LTS-245"/>
    <property name="sun.io.unicode.encoding" value="UnicodeBig"/>
    <property name="socksNonProxyHosts" value="local|*.local|169.254/16|*.169.254/16"/>
    <property name="java.class.version" value="65.0"/>
  </properties>
  <testcase name="testGettersAndSetters" classname="com.mycompany.bettertown.IssueDataTest" time="0.0"/>
</testsuite>